# JRE version: Java(TM) SE Runtime Environment 18.9 (11.0.10+8) (build 11.0.10+8-LTS-162)
# Java VM: Java HotSpot(TM) 64-Bit Server VM 18.9 (11.0.10+8-LTS-162, mixed mode, tiered, compressed oops, g1 gc, windows-amd64)
Heap:
 garbage-first heap   total 260096K, used 113620K [0x0000000703800000, 0x0000000800000000)
  region size 1024K, 103 young (105472K), 15 survivors (15360K)
 Metaspace       used 58037K, capacity 59628K, committed 59648K, reserved 1101824K
  class space    used 7580K, capacity 8190K, committed 8192K, reserved 1048576K
GC Heap History (10 events):
Event: 10.661 GC heap before
{Heap before GC invocations=2 (full 0):
 garbage-first heap   total 260096K, used 44580K [0x0000000703800000, 0x0000000800000000)
  region size 1024K, 37 young (37888K), 2 survivors (2048K)
 Metaspace       used 20454K, capacity 21114K, committed 21376K, reserved 1069056K
  class space    used 2317K, capacity 2580K, committed 2688K, reserved 1048576K
}
Event: 10.667 GC heap after
{Heap after GC invocations=3 (full 0):
 garbage-first heap   total 260096K, used 11166K [0x0000000703800000, 0x0000000800000000)
  region size 1024K, 4 young (4096K), 4 survivors (4096K)
 Metaspace       used 20454K, capacity 21114K, committed 21376K, reserved 1069056K
  class space    used 2317K, capacity 2580K, committed 2688K, reserved 1048576K
}
Event: 11.085 GC heap before
{Heap before GC invocations=4 (full 0):
 garbage-first heap   total 260096K, used 66462K [0x0000000703800000, 0x0000000800000000)
  region size 1024K, 59 young (60416K), 4 survivors (4096K)
 Metaspace       used 26449K, capacity 27376K, committed 27648K, reserved 1073152K
  class space    used 3177K, capacity 3514K, committed 3584K, reserved 1048576K
}
Event: 11.092 GC heap after
{Heap after GC invocations=5 (full 0):
 garbage-first heap   total 260096K, used 12924K [0x0000000703800000, 0x0000000800000000)
  region size 1024K, 5 young (5120K), 5 survivors (5120K)
 Metaspace       used 26449K, capacity 27376K, committed 27648K, reserved 1073152K
  class space    used 3177K, capacity 3514K, committed 3584K, reserved 1048576K
}
Event: 12.367 GC heap before
{Heap before GC invocations=5 (full 0):
 garbage-first heap   total 260096K, used 162428K [0x0000000703800000, 0x0000000800000000)
  region size 1024K, 152 young (155648K), 5 survivors (5120K)
 Metaspace       used 29783K, capacity 30759K, committed 30976K, reserved 1077248K
  class space    used 3655K, capacity 4022K, committed 4096K, reserved 1048576K
}
Event: 12.376 GC heap after
{Heap after GC invocations=6 (full 0):
 garbage-first heap   total 260096K, used 16036K [0x0000000703800000, 0x0000000800000000)
  region size 1024K, 8 young (8192K), 8 survivors (8192K)
 Metaspace       used 29783K, capacity 30759K, committed 30976K, reserved 1077248K
  class space    used 3655K, capacity 4022K, committed 4096K, reserved 1048576K
}
Event: 13.231 GC heap before
{Heap before GC invocations=6 (full 0):
 garbage-first heap   total 260096K, used 87716K [0x0000000703800000, 0x0000000800000000)
  region size 1024K, 79 young (80896K), 8 survivors (8192K)
 Metaspace       used 34389K, capacity 35507K, committed 35584K, reserved 1079296K
  class space    used 4352K, capacity 4818K, committed 4864K, reserved 1048576K
}
Event: 13.242 GC heap after
{Heap after GC invocations=7 (full 0):
 garbage-first heap   total 260096K, used 18509K [0x0000000703800000, 0x0000000800000000)
  region size 1024K, 11 young (11264K), 11 survivors (11264K)
 Metaspace       used 34389K, capacity 35507K, committed 35584K, reserved 1079296K
  class space    used 4352K, capacity 4818K, committed 4864K, reserved 1048576K
}
Event: 14.501 GC heap before
{Heap before GC invocations=8 (full 0):
 garbage-first heap   total 260096K, used 162893K [0x0000000703800000, 0x0000000800000000)
  region size 1024K, 152 young (155648K), 11 survivors (11264K)
 Metaspace       used 46555K, capacity 47990K, committed 48128K, reserved 1091584K
  class space    used 5811K, capacity 6362K, committed 6400K, reserved 1048576K
}
Event: 14.514 GC heap after
{Heap after GC invocations=9 (full 0):
 garbage-first heap   total 260096K, used 24532K [0x0000000703800000, 0x0000000800000000)
  region size 1024K, 15 young (15360K), 15 survivors (15360K)
 Metaspace       used 46555K, capacity 47990K, committed 48128K, reserved 1091584K
  class space    used 5811K, capacity 6362K, committed 6400K, reserved 1048576K
}

